<?xml version="1.0" encoding="UTF-8" ?>
<testsuite tests="4" failures="4" name="de.hammes.skynet.SkynetProblemTest" time="0.038" errors="0" skipped="0">
  <properties>
[...]
</properties>
  <testcase classname="de.hammes.skynet.SkynetProblemTest" name="de.hammes.skynet.SkynetProblemTest.testChooseDisconnectingNodes" time="0.033">
    <failure message="org/junit/Assert" type="java.lang.NoClassDefFoundError">java.lang.NoClassDefFoundError: org/junit/Assert
	at de.hammes.skynet.SkynetProblemTest.testChooseDisconnectingNodes(SkynetProblemTest.java:18)
Caused by: java.lang.ClassNotFoundException: org.junit.Assert
	at java.net.URLClassLoader.findClass(Unknown Source)
	at java.lang.ClassLoader.loadClass(Unknown Source)
	at sun.misc.Launcher$AppClassLoader.loadClass(Unknown Source)
	at java.lang.ClassLoader.loadClass(Unknown Source)
	... 19 more
</failure>
  </testcase>
  <testcase classname="de.hammes.skynet.SkynetProblemTest" name="de.hammes.skynet.SkynetProblemTest.testContainsLinkANodeFromArray" time="0">
    <failure message="org/junit/Assert" type="java.lang.NoClassDefFoundError">java.lang.NoClassDefFoundError: org/junit/Assert
	at de.hammes.skynet.SkynetProblemTest.testContainsLinkANodeFromArray(SkynetProblemTest.java:43)
</failure>
  </testcase>
  <testcase classname="de.hammes.skynet.SkynetProblemTest" name="de.hammes.skynet.SkynetProblemTest.testKillAgent" time="0.005">
    <failure message="org/junit/Assert" type="java.lang.NoClassDefFoundError">java.lang.NoClassDefFoundError: org/junit/Assert
	at de.hammes.skynet.SkynetProblemTest.testKillAgent(SkynetProblemTest.java:26)
</failure>
    <system-out>NEXT STEP!!
0 4 5
0 5 5
1 5 5
1 6 5
2 6 5
2 7 5
3 4 5
3 7 5
5 8 5
6 8 5
7 8 5
NEXT STEP!!
0 4 1
0 5 1
1 5 1
1 6 1
2 6 1
2 7 1
3 4 1
3 7 1
6 8 1
7 8 1
NEXT STEP!!
0 4 6
0 5 6
1 5 6
1 6 6
2 6 6
2 7 6
3 4 6
3 7 6
7 8 6
NEXT STEP!!
0 4 2
0 5 2
1 5 2
1 6 2
2 6 2
2 7 2
3 4 2
3 7 2
</system-out>
  </testcase>
  <testcase classname="de.hammes.skynet.SkynetProblemTest" name="de.hammes.skynet.SkynetProblemTest.testIsNodeInLink" time="0">
    <failure message="org/junit/Assert" type="java.lang.NoClassDefFoundError">java.lang.NoClassDefFoundError: org/junit/Assert
	at de.hammes.skynet.SkynetProblemTest.testIsNodeInLink(SkynetProblemTest.java:33)
</failure>
  </testcase>
</testsuite>